{"message":"struct import `FourierBskBuffers` is private","code":{"code":"E0603","explanation":"A private item was used outside its scope.\n\nErroneous code example:\n\n```compile_fail,E0603\nmod SomeModule {\n    const PRIVATE: u32 = 0x_a_bad_1dea_u32; // This const is private, so we\n                                            // can't use it outside of the\n                                            // `SomeModule` module.\n}\n\nprintln!(\"const value: {}\", SomeModule::PRIVATE); // error: constant `PRIVATE`\n                                                  //        is private\n```\n\nIn order to fix this error, you need to make the item public by using the `pub`\nkeyword. Example:\n\n```\nmod SomeModule {\n    pub const PRIVATE: u32 = 0x_a_bad_1dea_u32; // We set it public by using the\n                                                // `pub` keyword.\n}\n\nprintln!(\"const value: {}\", SomeModule::PRIVATE); // ok!\n```\n"},"level":"error","spans":[{"file_name":"concrete-core/src/backends/optalysys/private/crypto/bootstrap/mod.rs","byte_start":203,"byte_end":220,"line_start":6,"line_end":6,"column_start":40,"column_end":57,"is_primary":true,"text":[{"text":"pub use fourier::{FourierBootstrapKey, FourierBskBuffers};","highlight_start":40,"highlight_end":57}],"label":"private struct import","suggested_replacement":null,"suggestion_applicability":null,"expansion":null}],"children":[{"message":"the struct import `FourierBskBuffers` is defined here...","code":null,"level":"note","spans":[{"file_name":"concrete-core/src/backends/optalysys/private/crypto/bootstrap/fourier/mod.rs","byte_start":1242,"byte_end":1333,"line_start":25,"line_end":25,"column_start":5,"column_end":96,"is_primary":true,"text":[{"text":"use crate::backends::optalysys::private::crypto::bootstrap::fourier::buffers::FourierBskBuffers;","highlight_start":5,"highlight_end":96}],"label":null,"suggested_replacement":null,"suggestion_applicability":null,"expansion":null}],"children":[],"rendered":null},{"message":"...and refers to the struct `FourierBskBuffers` which is defined here","code":null,"level":"note","spans":[{"file_name":"concrete-core/src/backends/optalysys/private/crypto/bootstrap/fourier/buffers.rs","byte_start":1024,"byte_end":1060,"line_start":22,"line_end":22,"column_start":1,"column_end":37,"is_primary":true,"text":[{"text":"pub struct FourierBskBuffers<Scalar> {","highlight_start":1,"highlight_end":37}],"label":"consider importing it directly","suggested_replacement":null,"suggestion_applicability":null,"expansion":null}],"children":[],"rendered":null}],"rendered":"\u001b[0m\u001b[1m\u001b[38;5;9merror[E0603]\u001b[0m\u001b[0m\u001b[1m: struct import `FourierBskBuffers` is private\u001b[0m\n\u001b[0m  \u001b[0m\u001b[0m\u001b[1m\u001b[38;5;12m--> \u001b[0m\u001b[0mconcrete-core/src/backends/optalysys/private/crypto/bootstrap/mod.rs:6:40\u001b[0m\n\u001b[0m   \u001b[0m\u001b[0m\u001b[1m\u001b[38;5;12m|\u001b[0m\n\u001b[0m\u001b[1m\u001b[38;5;12m6\u001b[0m\u001b[0m  \u001b[0m\u001b[0m\u001b[1m\u001b[38;5;12m| \u001b[0m\u001b[0mpub use fourier::{FourierBootstrapKey, FourierBskBuffers};\u001b[0m\n\u001b[0m   \u001b[0m\u001b[0m\u001b[1m\u001b[38;5;12m| \u001b[0m\u001b[0m                                       \u001b[0m\u001b[0m\u001b[1m\u001b[38;5;9m^^^^^^^^^^^^^^^^^\u001b[0m\u001b[0m \u001b[0m\u001b[0m\u001b[1m\u001b[38;5;9mprivate struct import\u001b[0m\n\u001b[0m   \u001b[0m\u001b[0m\u001b[1m\u001b[38;5;12m|\u001b[0m\n\u001b[0m\u001b[1m\u001b[38;5;10mnote\u001b[0m\u001b[0m: the struct import `FourierBskBuffers` is defined here...\u001b[0m\n\u001b[0m  \u001b[0m\u001b[0m\u001b[1m\u001b[38;5;12m--> \u001b[0m\u001b[0mconcrete-core/src/backends/optalysys/private/crypto/bootstrap/fourier/mod.rs:25:5\u001b[0m\n\u001b[0m   \u001b[0m\u001b[0m\u001b[1m\u001b[38;5;12m|\u001b[0m\n\u001b[0m\u001b[1m\u001b[38;5;12m25\u001b[0m\u001b[0m \u001b[0m\u001b[0m\u001b[1m\u001b[38;5;12m| \u001b[0m\u001b[0muse crate::backends::optalysys::private::crypto::bootstrap::fourier::buffers::FourierBskBuffers;\u001b[0m\n\u001b[0m   \u001b[0m\u001b[0m\u001b[1m\u001b[38;5;12m| \u001b[0m\u001b[0m    \u001b[0m\u001b[0m\u001b[1m\u001b[38;5;10m^^^^^^^^^^^^^^^^^^^^^^^^^^^^^^^^^^^^^^^^^^^^^^^^^^^^^^^^^^^^^^^^^^^^^^^^^^^^^^^^^^^^^^^^^^^\u001b[0m\n\u001b[0m\u001b[1m\u001b[38;5;10mnote\u001b[0m\u001b[0m: ...and refers to the struct `FourierBskBuffers` which is defined here\u001b[0m\n\u001b[0m  \u001b[0m\u001b[0m\u001b[1m\u001b[38;5;12m--> \u001b[0m\u001b[0mconcrete-core/src/backends/optalysys/private/crypto/bootstrap/fourier/buffers.rs:22:1\u001b[0m\n\u001b[0m   \u001b[0m\u001b[0m\u001b[1m\u001b[38;5;12m|\u001b[0m\n\u001b[0m\u001b[1m\u001b[38;5;12m22\u001b[0m\u001b[0m \u001b[0m\u001b[0m\u001b[1m\u001b[38;5;12m| \u001b[0m\u001b[0mpub struct FourierBskBuffers<Scalar> {\u001b[0m\n\u001b[0m   \u001b[0m\u001b[0m\u001b[1m\u001b[38;5;12m| \u001b[0m\u001b[0m\u001b[1m\u001b[38;5;10m^^^^^^^^^^^^^^^^^^^^^^^^^^^^^^^^^^^^\u001b[0m\u001b[0m \u001b[0m\u001b[0m\u001b[1m\u001b[38;5;10mconsider importing it directly\u001b[0m\n\n"}
{"message":"mismatched types","code":{"code":"E0308","explanation":"Expected type did not match the received type.\n\nErroneous code examples:\n\n```compile_fail,E0308\nfn plus_one(x: i32) -> i32 {\n    x + 1\n}\n\nplus_one(\"Not a number\");\n//       ^^^^^^^^^^^^^^ expected `i32`, found `&str`\n\nif \"Not a bool\" {\n// ^^^^^^^^^^^^ expected `bool`, found `&str`\n}\n\nlet x: f32 = \"Not a float\";\n//     ---   ^^^^^^^^^^^^^ expected `f32`, found `&str`\n//     |\n//     expected due to this\n```\n\nThis error occurs when an expression was used in a place where the compiler\nexpected an expression of a different type. It can occur in several cases, the\nmost common being when calling a function and passing an argument which has a\ndifferent type than the matching type in the function declaration.\n"},"level":"error","spans":[{"file_name":"concrete-core/src/backends/optalysys/private/math/fft/transform.rs","byte_start":19055,"byte_end":19098,"line_start":454,"line_end":454,"column_start":13,"column_end":56,"is_primary":true,"text":[{"text":"            self.buffer.borrow().as_tensor().as_slice(),","highlight_start":13,"highlight_end":56}],"label":"expected struct `FFT::complex::Complex`, found struct `num_complex::Complex`","suggested_replacement":null,"suggestion_applicability":null,"expansion":null}],"children":[{"message":"expected reference `&[FFT::complex::Complex<f64>]`\n   found reference `&[num_complex::Complex<f64>]`","code":null,"level":"note","spans":[],"children":[],"rendered":null}],"rendered":"\u001b[0m\u001b[1m\u001b[38;5;9merror[E0308]\u001b[0m\u001b[0m\u001b[1m: mismatched types\u001b[0m\n\u001b[0m   \u001b[0m\u001b[0m\u001b[1m\u001b[38;5;12m--> \u001b[0m\u001b[0mconcrete-core/src/backends/optalysys/private/math/fft/transform.rs:454:13\u001b[0m\n\u001b[0m    \u001b[0m\u001b[0m\u001b[1m\u001b[38;5;12m|\u001b[0m\n\u001b[0m\u001b[1m\u001b[38;5;12m454\u001b[0m\u001b[0m \u001b[0m\u001b[0m\u001b[1m\u001b[38;5;12m| \u001b[0m\u001b[0m            self.buffer.borrow().as_tensor().as_slice(),\u001b[0m\n\u001b[0m    \u001b[0m\u001b[0m\u001b[1m\u001b[38;5;12m| \u001b[0m\u001b[0m            \u001b[0m\u001b[0m\u001b[1m\u001b[38;5;9m^^^^^^^^^^^^^^^^^^^^^^^^^^^^^^^^^^^^^^^^^^^\u001b[0m\u001b[0m \u001b[0m\u001b[0m\u001b[1m\u001b[38;5;9mexpected struct `FFT::complex::Complex`, found struct `num_complex::Complex`\u001b[0m\n\u001b[0m    \u001b[0m\u001b[0m\u001b[1m\u001b[38;5;12m|\u001b[0m\n\u001b[0m    \u001b[0m\u001b[0m\u001b[1m\u001b[38;5;12m= \u001b[0m\u001b[0m\u001b[1mnote\u001b[0m\u001b[0m: expected reference `\u001b[0m\u001b[0m\u001b[1m&[FFT::complex::Complex<f64>]\u001b[0m\u001b[0m`\u001b[0m\n\u001b[0m               found reference `\u001b[0m\u001b[0m\u001b[1m&[num_complex::Complex<f64>]\u001b[0m\u001b[0m`\u001b[0m\n\n"}
{"message":"mismatched types","code":{"code":"E0308","explanation":"Expected type did not match the received type.\n\nErroneous code examples:\n\n```compile_fail,E0308\nfn plus_one(x: i32) -> i32 {\n    x + 1\n}\n\nplus_one(\"Not a number\");\n//       ^^^^^^^^^^^^^^ expected `i32`, found `&str`\n\nif \"Not a bool\" {\n// ^^^^^^^^^^^^ expected `bool`, found `&str`\n}\n\nlet x: f32 = \"Not a float\";\n//     ---   ^^^^^^^^^^^^^ expected `f32`, found `&str`\n//     |\n//     expected due to this\n```\n\nThis error occurs when an expression was used in a place where the compiler\nexpected an expression of a different type. It can occur in several cases, the\nmost common being when calling a function and passing an argument which has a\ndifferent type than the matching type in the function declaration.\n"},"level":"error","spans":[{"file_name":"concrete-core/src/backends/optalysys/private/math/fft/transform.rs","byte_start":19112,"byte_end":19155,"line_start":455,"line_end":455,"column_start":13,"column_end":56,"is_primary":true,"text":[{"text":"            fourier_poly.as_mut_tensor().as_mut_slice(),","highlight_start":13,"highlight_end":56}],"label":"expected struct `FFT::complex::Complex`, found struct `num_complex::Complex`","suggested_replacement":null,"suggestion_applicability":null,"expansion":null}],"children":[{"message":"expected mutable reference `&mut [FFT::complex::Complex<f64>]`\n   found mutable reference `&mut [num_complex::Complex<f64>]`","code":null,"level":"note","spans":[],"children":[],"rendered":null}],"rendered":"\u001b[0m\u001b[1m\u001b[38;5;9merror[E0308]\u001b[0m\u001b[0m\u001b[1m: mismatched types\u001b[0m\n\u001b[0m   \u001b[0m\u001b[0m\u001b[1m\u001b[38;5;12m--> \u001b[0m\u001b[0mconcrete-core/src/backends/optalysys/private/math/fft/transform.rs:455:13\u001b[0m\n\u001b[0m    \u001b[0m\u001b[0m\u001b[1m\u001b[38;5;12m|\u001b[0m\n\u001b[0m\u001b[1m\u001b[38;5;12m455\u001b[0m\u001b[0m \u001b[0m\u001b[0m\u001b[1m\u001b[38;5;12m| \u001b[0m\u001b[0m            fourier_poly.as_mut_tensor().as_mut_slice(),\u001b[0m\n\u001b[0m    \u001b[0m\u001b[0m\u001b[1m\u001b[38;5;12m| \u001b[0m\u001b[0m            \u001b[0m\u001b[0m\u001b[1m\u001b[38;5;9m^^^^^^^^^^^^^^^^^^^^^^^^^^^^^^^^^^^^^^^^^^^\u001b[0m\u001b[0m \u001b[0m\u001b[0m\u001b[1m\u001b[38;5;9mexpected struct `FFT::complex::Complex`, found struct `num_complex::Complex`\u001b[0m\n\u001b[0m    \u001b[0m\u001b[0m\u001b[1m\u001b[38;5;12m|\u001b[0m\n\u001b[0m    \u001b[0m\u001b[0m\u001b[1m\u001b[38;5;12m= \u001b[0m\u001b[0m\u001b[1mnote\u001b[0m\u001b[0m: expected mutable reference `\u001b[0m\u001b[0m\u001b[1m&mut [FFT::complex::Complex<f64>]\u001b[0m\u001b[0m`\u001b[0m\n\u001b[0m               found mutable reference `\u001b[0m\u001b[0m\u001b[1m&mut [num_complex::Complex<f64>]\u001b[0m\u001b[0m`\u001b[0m\n\n"}
{"message":"mismatched types","code":{"code":"E0308","explanation":"Expected type did not match the received type.\n\nErroneous code examples:\n\n```compile_fail,E0308\nfn plus_one(x: i32) -> i32 {\n    x + 1\n}\n\nplus_one(\"Not a number\");\n//       ^^^^^^^^^^^^^^ expected `i32`, found `&str`\n\nif \"Not a bool\" {\n// ^^^^^^^^^^^^ expected `bool`, found `&str`\n}\n\nlet x: f32 = \"Not a float\";\n//     ---   ^^^^^^^^^^^^^ expected `f32`, found `&str`\n//     |\n//     expected due to this\n```\n\nThis error occurs when an expression was used in a place where the compiler\nexpected an expression of a different type. It can occur in several cases, the\nmost common being when calling a function and passing an argument which has a\ndifferent type than the matching type in the function declaration.\n"},"level":"error","spans":[{"file_name":"concrete-core/src/backends/optalysys/private/math/fft/transform.rs","byte_start":20470,"byte_end":20513,"line_start":493,"line_end":493,"column_start":13,"column_end":56,"is_primary":true,"text":[{"text":"            self.buffer.borrow().as_tensor().as_slice(),","highlight_start":13,"highlight_end":56}],"label":"expected struct `FFT::complex::Complex`, found struct `num_complex::Complex`","suggested_replacement":null,"suggestion_applicability":null,"expansion":null}],"children":[{"message":"expected reference `&[FFT::complex::Complex<f64>]`\n   found reference `&[num_complex::Complex<f64>]`","code":null,"level":"note","spans":[],"children":[],"rendered":null}],"rendered":"\u001b[0m\u001b[1m\u001b[38;5;9merror[E0308]\u001b[0m\u001b[0m\u001b[1m: mismatched types\u001b[0m\n\u001b[0m   \u001b[0m\u001b[0m\u001b[1m\u001b[38;5;12m--> \u001b[0m\u001b[0mconcrete-core/src/backends/optalysys/private/math/fft/transform.rs:493:13\u001b[0m\n\u001b[0m    \u001b[0m\u001b[0m\u001b[1m\u001b[38;5;12m|\u001b[0m\n\u001b[0m\u001b[1m\u001b[38;5;12m493\u001b[0m\u001b[0m \u001b[0m\u001b[0m\u001b[1m\u001b[38;5;12m| \u001b[0m\u001b[0m            self.buffer.borrow().as_tensor().as_slice(),\u001b[0m\n\u001b[0m    \u001b[0m\u001b[0m\u001b[1m\u001b[38;5;12m| \u001b[0m\u001b[0m            \u001b[0m\u001b[0m\u001b[1m\u001b[38;5;9m^^^^^^^^^^^^^^^^^^^^^^^^^^^^^^^^^^^^^^^^^^^\u001b[0m\u001b[0m \u001b[0m\u001b[0m\u001b[1m\u001b[38;5;9mexpected struct `FFT::complex::Complex`, found struct `num_complex::Complex`\u001b[0m\n\u001b[0m    \u001b[0m\u001b[0m\u001b[1m\u001b[38;5;12m|\u001b[0m\n\u001b[0m    \u001b[0m\u001b[0m\u001b[1m\u001b[38;5;12m= \u001b[0m\u001b[0m\u001b[1mnote\u001b[0m\u001b[0m: expected reference `\u001b[0m\u001b[0m\u001b[1m&[FFT::complex::Complex<f64>]\u001b[0m\u001b[0m`\u001b[0m\n\u001b[0m               found reference `\u001b[0m\u001b[0m\u001b[1m&[num_complex::Complex<f64>]\u001b[0m\u001b[0m`\u001b[0m\n\n"}
{"message":"mismatched types","code":{"code":"E0308","explanation":"Expected type did not match the received type.\n\nErroneous code examples:\n\n```compile_fail,E0308\nfn plus_one(x: i32) -> i32 {\n    x + 1\n}\n\nplus_one(\"Not a number\");\n//       ^^^^^^^^^^^^^^ expected `i32`, found `&str`\n\nif \"Not a bool\" {\n// ^^^^^^^^^^^^ expected `bool`, found `&str`\n}\n\nlet x: f32 = \"Not a float\";\n//     ---   ^^^^^^^^^^^^^ expected `f32`, found `&str`\n//     |\n//     expected due to this\n```\n\nThis error occurs when an expression was used in a place where the compiler\nexpected an expression of a different type. It can occur in several cases, the\nmost common being when calling a function and passing an argument which has a\ndifferent type than the matching type in the function declaration.\n"},"level":"error","spans":[{"file_name":"concrete-core/src/backends/optalysys/private/math/fft/transform.rs","byte_start":20527,"byte_end":20572,"line_start":494,"line_end":494,"column_start":13,"column_end":58,"is_primary":true,"text":[{"text":"            fourier_poly_1.as_mut_tensor().as_mut_slice(),","highlight_start":13,"highlight_end":58}],"label":"expected struct `FFT::complex::Complex`, found struct `num_complex::Complex`","suggested_replacement":null,"suggestion_applicability":null,"expansion":null}],"children":[{"message":"expected mutable reference `&mut [FFT::complex::Complex<f64>]`\n   found mutable reference `&mut [num_complex::Complex<f64>]`","code":null,"level":"note","spans":[],"children":[],"rendered":null}],"rendered":"\u001b[0m\u001b[1m\u001b[38;5;9merror[E0308]\u001b[0m\u001b[0m\u001b[1m: mismatched types\u001b[0m\n\u001b[0m   \u001b[0m\u001b[0m\u001b[1m\u001b[38;5;12m--> \u001b[0m\u001b[0mconcrete-core/src/backends/optalysys/private/math/fft/transform.rs:494:13\u001b[0m\n\u001b[0m    \u001b[0m\u001b[0m\u001b[1m\u001b[38;5;12m|\u001b[0m\n\u001b[0m\u001b[1m\u001b[38;5;12m494\u001b[0m\u001b[0m \u001b[0m\u001b[0m\u001b[1m\u001b[38;5;12m| \u001b[0m\u001b[0m            fourier_poly_1.as_mut_tensor().as_mut_slice(),\u001b[0m\n\u001b[0m    \u001b[0m\u001b[0m\u001b[1m\u001b[38;5;12m| \u001b[0m\u001b[0m            \u001b[0m\u001b[0m\u001b[1m\u001b[38;5;9m^^^^^^^^^^^^^^^^^^^^^^^^^^^^^^^^^^^^^^^^^^^^^\u001b[0m\u001b[0m \u001b[0m\u001b[0m\u001b[1m\u001b[38;5;9mexpected struct `FFT::complex::Complex`, found struct `num_complex::Complex`\u001b[0m\n\u001b[0m    \u001b[0m\u001b[0m\u001b[1m\u001b[38;5;12m|\u001b[0m\n\u001b[0m    \u001b[0m\u001b[0m\u001b[1m\u001b[38;5;12m= \u001b[0m\u001b[0m\u001b[1mnote\u001b[0m\u001b[0m: expected mutable reference `\u001b[0m\u001b[0m\u001b[1m&mut [FFT::complex::Complex<f64>]\u001b[0m\u001b[0m`\u001b[0m\n\u001b[0m               found mutable reference `\u001b[0m\u001b[0m\u001b[1m&mut [num_complex::Complex<f64>]\u001b[0m\u001b[0m`\u001b[0m\n\n"}
{"message":"mismatched types","code":{"code":"E0308","explanation":"Expected type did not match the received type.\n\nErroneous code examples:\n\n```compile_fail,E0308\nfn plus_one(x: i32) -> i32 {\n    x + 1\n}\n\nplus_one(\"Not a number\");\n//       ^^^^^^^^^^^^^^ expected `i32`, found `&str`\n\nif \"Not a bool\" {\n// ^^^^^^^^^^^^ expected `bool`, found `&str`\n}\n\nlet x: f32 = \"Not a float\";\n//     ---   ^^^^^^^^^^^^^ expected `f32`, found `&str`\n//     |\n//     expected due to this\n```\n\nThis error occurs when an expression was used in a place where the compiler\nexpected an expression of a different type. It can occur in several cases, the\nmost common being when calling a function and passing an argument which has a\ndifferent type than the matching type in the function declaration.\n"},"level":"error","spans":[{"file_name":"concrete-core/src/backends/optalysys/private/math/fft/transform.rs","byte_start":21833,"byte_end":21868,"line_start":527,"line_end":527,"column_start":13,"column_end":48,"is_primary":true,"text":[{"text":"            fourier_poly.as_tensor().as_slice(),","highlight_start":13,"highlight_end":48}],"label":"expected struct `FFT::complex::Complex`, found struct `num_complex::Complex`","suggested_replacement":null,"suggestion_applicability":null,"expansion":null}],"children":[{"message":"expected reference `&[FFT::complex::Complex<f64>]`\n   found reference `&[num_complex::Complex<f64>]`","code":null,"level":"note","spans":[],"children":[],"rendered":null}],"rendered":"\u001b[0m\u001b[1m\u001b[38;5;9merror[E0308]\u001b[0m\u001b[0m\u001b[1m: mismatched types\u001b[0m\n\u001b[0m   \u001b[0m\u001b[0m\u001b[1m\u001b[38;5;12m--> \u001b[0m\u001b[0mconcrete-core/src/backends/optalysys/private/math/fft/transform.rs:527:13\u001b[0m\n\u001b[0m    \u001b[0m\u001b[0m\u001b[1m\u001b[38;5;12m|\u001b[0m\n\u001b[0m\u001b[1m\u001b[38;5;12m527\u001b[0m\u001b[0m \u001b[0m\u001b[0m\u001b[1m\u001b[38;5;12m| \u001b[0m\u001b[0m            fourier_poly.as_tensor().as_slice(),\u001b[0m\n\u001b[0m    \u001b[0m\u001b[0m\u001b[1m\u001b[38;5;12m| \u001b[0m\u001b[0m            \u001b[0m\u001b[0m\u001b[1m\u001b[38;5;9m^^^^^^^^^^^^^^^^^^^^^^^^^^^^^^^^^^^\u001b[0m\u001b[0m \u001b[0m\u001b[0m\u001b[1m\u001b[38;5;9mexpected struct `FFT::complex::Complex`, found struct `num_complex::Complex`\u001b[0m\n\u001b[0m    \u001b[0m\u001b[0m\u001b[1m\u001b[38;5;12m|\u001b[0m\n\u001b[0m    \u001b[0m\u001b[0m\u001b[1m\u001b[38;5;12m= \u001b[0m\u001b[0m\u001b[1mnote\u001b[0m\u001b[0m: expected reference `\u001b[0m\u001b[0m\u001b[1m&[FFT::complex::Complex<f64>]\u001b[0m\u001b[0m`\u001b[0m\n\u001b[0m               found reference `\u001b[0m\u001b[0m\u001b[1m&[num_complex::Complex<f64>]\u001b[0m\u001b[0m`\u001b[0m\n\n"}
{"message":"mismatched types","code":{"code":"E0308","explanation":"Expected type did not match the received type.\n\nErroneous code examples:\n\n```compile_fail,E0308\nfn plus_one(x: i32) -> i32 {\n    x + 1\n}\n\nplus_one(\"Not a number\");\n//       ^^^^^^^^^^^^^^ expected `i32`, found `&str`\n\nif \"Not a bool\" {\n// ^^^^^^^^^^^^ expected `bool`, found `&str`\n}\n\nlet x: f32 = \"Not a float\";\n//     ---   ^^^^^^^^^^^^^ expected `f32`, found `&str`\n//     |\n//     expected due to this\n```\n\nThis error occurs when an expression was used in a place where the compiler\nexpected an expression of a different type. It can occur in several cases, the\nmost common being when calling a function and passing an argument which has a\ndifferent type than the matching type in the function declaration.\n"},"level":"error","spans":[{"file_name":"concrete-core/src/backends/optalysys/private/math/fft/transform.rs","byte_start":21882,"byte_end":21937,"line_start":528,"line_end":528,"column_start":13,"column_end":68,"is_primary":true,"text":[{"text":"            self.buffer.borrow_mut().as_mut_tensor().as_mut_slice(),","highlight_start":13,"highlight_end":68}],"label":"expected struct `FFT::complex::Complex`, found struct `num_complex::Complex`","suggested_replacement":null,"suggestion_applicability":null,"expansion":null}],"children":[{"message":"expected mutable reference `&mut [FFT::complex::Complex<f64>]`\n   found mutable reference `&mut [num_complex::Complex<f64>]`","code":null,"level":"note","spans":[],"children":[],"rendered":null}],"rendered":"\u001b[0m\u001b[1m\u001b[38;5;9merror[E0308]\u001b[0m\u001b[0m\u001b[1m: mismatched types\u001b[0m\n\u001b[0m   \u001b[0m\u001b[0m\u001b[1m\u001b[38;5;12m--> \u001b[0m\u001b[0mconcrete-core/src/backends/optalysys/private/math/fft/transform.rs:528:13\u001b[0m\n\u001b[0m    \u001b[0m\u001b[0m\u001b[1m\u001b[38;5;12m|\u001b[0m\n\u001b[0m\u001b[1m\u001b[38;5;12m528\u001b[0m\u001b[0m \u001b[0m\u001b[0m\u001b[1m\u001b[38;5;12m| \u001b[0m\u001b[0m            self.buffer.borrow_mut().as_mut_tensor().as_mut_slice(),\u001b[0m\n\u001b[0m    \u001b[0m\u001b[0m\u001b[1m\u001b[38;5;12m| \u001b[0m\u001b[0m            \u001b[0m\u001b[0m\u001b[1m\u001b[38;5;9m^^^^^^^^^^^^^^^^^^^^^^^^^^^^^^^^^^^^^^^^^^^^^^^^^^^^^^^\u001b[0m\u001b[0m \u001b[0m\u001b[0m\u001b[1m\u001b[38;5;9mexpected struct `FFT::complex::Complex`, found struct `num_complex::Complex`\u001b[0m\n\u001b[0m    \u001b[0m\u001b[0m\u001b[1m\u001b[38;5;12m|\u001b[0m\n\u001b[0m    \u001b[0m\u001b[0m\u001b[1m\u001b[38;5;12m= \u001b[0m\u001b[0m\u001b[1mnote\u001b[0m\u001b[0m: expected mutable reference `\u001b[0m\u001b[0m\u001b[1m&mut [FFT::complex::Complex<f64>]\u001b[0m\u001b[0m`\u001b[0m\n\u001b[0m               found mutable reference `\u001b[0m\u001b[0m\u001b[1m&mut [num_complex::Complex<f64>]\u001b[0m\u001b[0m`\u001b[0m\n\n"}
{"message":"mismatched types","code":{"code":"E0308","explanation":"Expected type did not match the received type.\n\nErroneous code examples:\n\n```compile_fail,E0308\nfn plus_one(x: i32) -> i32 {\n    x + 1\n}\n\nplus_one(\"Not a number\");\n//       ^^^^^^^^^^^^^^ expected `i32`, found `&str`\n\nif \"Not a bool\" {\n// ^^^^^^^^^^^^ expected `bool`, found `&str`\n}\n\nlet x: f32 = \"Not a float\";\n//     ---   ^^^^^^^^^^^^^ expected `f32`, found `&str`\n//     |\n//     expected due to this\n```\n\nThis error occurs when an expression was used in a place where the compiler\nexpected an expression of a different type. It can occur in several cases, the\nmost common being when calling a function and passing an argument which has a\ndifferent type than the matching type in the function declaration.\n"},"level":"error","spans":[{"file_name":"concrete-core/src/backends/optalysys/private/math/fft/transform.rs","byte_start":24172,"byte_end":24209,"line_start":582,"line_end":582,"column_start":13,"column_end":50,"is_primary":true,"text":[{"text":"            fourier_poly_1.as_tensor().as_slice(),","highlight_start":13,"highlight_end":50}],"label":"expected struct `FFT::complex::Complex`, found struct `num_complex::Complex`","suggested_replacement":null,"suggestion_applicability":null,"expansion":null}],"children":[{"message":"expected reference `&[FFT::complex::Complex<f64>]`\n   found reference `&[num_complex::Complex<f64>]`","code":null,"level":"note","spans":[],"children":[],"rendered":null}],"rendered":"\u001b[0m\u001b[1m\u001b[38;5;9merror[E0308]\u001b[0m\u001b[0m\u001b[1m: mismatched types\u001b[0m\n\u001b[0m   \u001b[0m\u001b[0m\u001b[1m\u001b[38;5;12m--> \u001b[0m\u001b[0mconcrete-core/src/backends/optalysys/private/math/fft/transform.rs:582:13\u001b[0m\n\u001b[0m    \u001b[0m\u001b[0m\u001b[1m\u001b[38;5;12m|\u001b[0m\n\u001b[0m\u001b[1m\u001b[38;5;12m582\u001b[0m\u001b[0m \u001b[0m\u001b[0m\u001b[1m\u001b[38;5;12m| \u001b[0m\u001b[0m            fourier_poly_1.as_tensor().as_slice(),\u001b[0m\n\u001b[0m    \u001b[0m\u001b[0m\u001b[1m\u001b[38;5;12m| \u001b[0m\u001b[0m            \u001b[0m\u001b[0m\u001b[1m\u001b[38;5;9m^^^^^^^^^^^^^^^^^^^^^^^^^^^^^^^^^^^^^\u001b[0m\u001b[0m \u001b[0m\u001b[0m\u001b[1m\u001b[38;5;9mexpected struct `FFT::complex::Complex`, found struct `num_complex::Complex`\u001b[0m\n\u001b[0m    \u001b[0m\u001b[0m\u001b[1m\u001b[38;5;12m|\u001b[0m\n\u001b[0m    \u001b[0m\u001b[0m\u001b[1m\u001b[38;5;12m= \u001b[0m\u001b[0m\u001b[1mnote\u001b[0m\u001b[0m: expected reference `\u001b[0m\u001b[0m\u001b[1m&[FFT::complex::Complex<f64>]\u001b[0m\u001b[0m`\u001b[0m\n\u001b[0m               found reference `\u001b[0m\u001b[0m\u001b[1m&[num_complex::Complex<f64>]\u001b[0m\u001b[0m`\u001b[0m\n\n"}
{"message":"mismatched types","code":{"code":"E0308","explanation":"Expected type did not match the received type.\n\nErroneous code examples:\n\n```compile_fail,E0308\nfn plus_one(x: i32) -> i32 {\n    x + 1\n}\n\nplus_one(\"Not a number\");\n//       ^^^^^^^^^^^^^^ expected `i32`, found `&str`\n\nif \"Not a bool\" {\n// ^^^^^^^^^^^^ expected `bool`, found `&str`\n}\n\nlet x: f32 = \"Not a float\";\n//     ---   ^^^^^^^^^^^^^ expected `f32`, found `&str`\n//     |\n//     expected due to this\n```\n\nThis error occurs when an expression was used in a place where the compiler\nexpected an expression of a different type. It can occur in several cases, the\nmost common being when calling a function and passing an argument which has a\ndifferent type than the matching type in the function declaration.\n"},"level":"error","spans":[{"file_name":"concrete-core/src/backends/optalysys/private/math/fft/transform.rs","byte_start":24223,"byte_end":24278,"line_start":583,"line_end":583,"column_start":13,"column_end":68,"is_primary":true,"text":[{"text":"            self.buffer.borrow_mut().as_mut_tensor().as_mut_slice(),","highlight_start":13,"highlight_end":68}],"label":"expected struct `FFT::complex::Complex`, found struct `num_complex::Complex`","suggested_replacement":null,"suggestion_applicability":null,"expansion":null}],"children":[{"message":"expected mutable reference `&mut [FFT::complex::Complex<f64>]`\n   found mutable reference `&mut [num_complex::Complex<f64>]`","code":null,"level":"note","spans":[],"children":[],"rendered":null}],"rendered":"\u001b[0m\u001b[1m\u001b[38;5;9merror[E0308]\u001b[0m\u001b[0m\u001b[1m: mismatched types\u001b[0m\n\u001b[0m   \u001b[0m\u001b[0m\u001b[1m\u001b[38;5;12m--> \u001b[0m\u001b[0mconcrete-core/src/backends/optalysys/private/math/fft/transform.rs:583:13\u001b[0m\n\u001b[0m    \u001b[0m\u001b[0m\u001b[1m\u001b[38;5;12m|\u001b[0m\n\u001b[0m\u001b[1m\u001b[38;5;12m583\u001b[0m\u001b[0m \u001b[0m\u001b[0m\u001b[1m\u001b[38;5;12m| \u001b[0m\u001b[0m            self.buffer.borrow_mut().as_mut_tensor().as_mut_slice(),\u001b[0m\n\u001b[0m    \u001b[0m\u001b[0m\u001b[1m\u001b[38;5;12m| \u001b[0m\u001b[0m            \u001b[0m\u001b[0m\u001b[1m\u001b[38;5;9m^^^^^^^^^^^^^^^^^^^^^^^^^^^^^^^^^^^^^^^^^^^^^^^^^^^^^^^\u001b[0m\u001b[0m \u001b[0m\u001b[0m\u001b[1m\u001b[38;5;9mexpected struct `FFT::complex::Complex`, found struct `num_complex::Complex`\u001b[0m\n\u001b[0m    \u001b[0m\u001b[0m\u001b[1m\u001b[38;5;12m|\u001b[0m\n\u001b[0m    \u001b[0m\u001b[0m\u001b[1m\u001b[38;5;12m= \u001b[0m\u001b[0m\u001b[1mnote\u001b[0m\u001b[0m: expected mutable reference `\u001b[0m\u001b[0m\u001b[1m&mut [FFT::complex::Complex<f64>]\u001b[0m\u001b[0m`\u001b[0m\n\u001b[0m               found mutable reference `\u001b[0m\u001b[0m\u001b[1m&mut [num_complex::Complex<f64>]\u001b[0m\u001b[0m`\u001b[0m\n\n"}
{"message":"type annotations needed","code":{"code":"E0283","explanation":"An implementation cannot be chosen unambiguously because of lack of information.\n\nErroneous code example:\n\n```compile_fail,E0283\ntrait Generator {\n    fn create() -> u32;\n}\n\nstruct Impl;\n\nimpl Generator for Impl {\n    fn create() -> u32 { 1 }\n}\n\nstruct AnotherImpl;\n\nimpl Generator for AnotherImpl {\n    fn create() -> u32 { 2 }\n}\n\nfn main() {\n    let cont: u32 = Generator::create();\n    // error, impossible to choose one of Generator trait implementation\n    // Should it be Impl or AnotherImpl, maybe something else?\n}\n```\n\nThis error can be solved by adding type annotations that provide the missing\ninformation to the compiler. In this case, the solution is to use a concrete\ntype:\n\n```\ntrait Generator {\n    fn create() -> u32;\n}\n\nstruct AnotherImpl;\n\nimpl Generator for AnotherImpl {\n    fn create() -> u32 { 2 }\n}\n\nfn main() {\n    let gen1 = AnotherImpl::create();\n\n    // if there are multiple methods with same name (different traits)\n    let gen2 = <AnotherImpl as Generator>::create();\n}\n```\n"},"level":"error","spans":[{"file_name":"concrete-core/src/backends/optalysys/implementation/engines/mod.rs","byte_start":3164,"byte_end":3180,"line_start":86,"line_end":86,"column_start":38,"column_end":54,"is_primary":true,"text":[{"text":"            fourier_bsk_buffers_u32: Default::default(),","highlight_start":38,"highlight_end":54}],"label":"cannot infer type","suggested_replacement":null,"suggestion_applicability":null,"expansion":null}],"children":[{"message":"cannot satisfy `_: Default`","code":null,"level":"note","spans":[],"children":[],"rendered":null},{"message":"required by `std::default::Default::default`","code":null,"level":"note","spans":[{"file_name":"/rustc/59eed8a2aac0230a8b53e89d4e99d55912ba6b35/library/core/src/default.rs","byte_start":2820,"byte_end":2841,"line_start":116,"line_end":116,"column_start":5,"column_end":26,"is_primary":true,"text":[],"label":null,"suggested_replacement":null,"suggestion_applicability":null,"expansion":null}],"children":[],"rendered":null}],"rendered":"\u001b[0m\u001b[1m\u001b[38;5;9merror[E0283]\u001b[0m\u001b[0m\u001b[1m: type annotations needed\u001b[0m\n\u001b[0m   \u001b[0m\u001b[0m\u001b[1m\u001b[38;5;12m--> \u001b[0m\u001b[0mconcrete-core/src/backends/optalysys/implementation/engines/mod.rs:86:38\u001b[0m\n\u001b[0m    \u001b[0m\u001b[0m\u001b[1m\u001b[38;5;12m|\u001b[0m\n\u001b[0m\u001b[1m\u001b[38;5;12m86\u001b[0m\u001b[0m  \u001b[0m\u001b[0m\u001b[1m\u001b[38;5;12m| \u001b[0m\u001b[0m            fourier_bsk_buffers_u32: Default::default(),\u001b[0m\n\u001b[0m    \u001b[0m\u001b[0m\u001b[1m\u001b[38;5;12m| \u001b[0m\u001b[0m                                     \u001b[0m\u001b[0m\u001b[1m\u001b[38;5;9m^^^^^^^^^^^^^^^^\u001b[0m\u001b[0m \u001b[0m\u001b[0m\u001b[1m\u001b[38;5;9mcannot infer type\u001b[0m\n\u001b[0m    \u001b[0m\u001b[0m\u001b[1m\u001b[38;5;12m|\u001b[0m\n\u001b[0m    \u001b[0m\u001b[0m\u001b[1m\u001b[38;5;12m= \u001b[0m\u001b[0m\u001b[1mnote\u001b[0m\u001b[0m: cannot satisfy `_: Default`\u001b[0m\n\u001b[0m\u001b[1m\u001b[38;5;10mnote\u001b[0m\u001b[0m: required by `std::default::Default::default`\u001b[0m\n\n"}
{"message":"aborting due to 10 previous errors","code":null,"level":"error","spans":[],"children":[],"rendered":"\u001b[0m\u001b[1m\u001b[38;5;9merror\u001b[0m\u001b[0m\u001b[1m: aborting due to 10 previous errors\u001b[0m\n\n"}
{"message":"Some errors have detailed explanations: E0283, E0308, E0603.","code":null,"level":"failure-note","spans":[],"children":[],"rendered":"\u001b[0m\u001b[1mSome errors have detailed explanations: E0283, E0308, E0603.\u001b[0m\n"}
{"message":"For more information about an error, try `rustc --explain E0283`.","code":null,"level":"failure-note","spans":[],"children":[],"rendered":"\u001b[0m\u001b[1mFor more information about an error, try `rustc --explain E0283`.\u001b[0m\n"}
